<?xml version="1.0" encoding="UTF-8"?>
<!-- Generated by org.testng.reporters.JUnitXMLReporter -->
<testsuite hostname="DESKTOP-BADJCCG" name="Default test" tests="21" failures="0" timestamp="19 Jun 2018 10:02:07 GMT" time="0.918" errors="0">
  <testcase name="@BeforeClass initializeTestBaseSetup" time="0.0" classname="com.prod.testcases.EstimateTestCase">
    <failure type="org.testng.TestNGException" message="
Parameter &amp;apos;browserType&amp;apos; is required by @Configuration on method initializeTestBaseSetup but has not been marked @Optional or defined
in C:\Users\vijay\AppData\Local\Temp\testng-eclipse-418933032\testng-customsuite.xml">
      <![CDATA[org.testng.TestNGException: 
Parameter 'browserType' is required by @Configuration on method initializeTestBaseSetup but has not been marked @Optional or defined
in C:\Users\vijay\AppData\Local\Temp\testng-eclipse-418933032\testng-customsuite.xml
	at org.testng.internal.Parameters.createParameters(Parameters.java:155)
	at org.testng.internal.Parameters.createParameters(Parameters.java:355)
	at org.testng.internal.Parameters.createConfigurationParameters(Parameters.java:86)
	at org.testng.internal.Invoker.invokeConfigurations(Invoker.java:199)
	at org.testng.internal.Invoker.invokeConfigurations(Invoker.java:138)
	at org.testng.internal.TestMethodWorker.invokeBeforeClassMethods(TestMethodWorker.java:175)
	at org.testng.internal.TestMethodWorker.run(TestMethodWorker.java:107)
	at org.testng.TestRunner.privateRun(TestRunner.java:767)
	at org.testng.TestRunner.run(TestRunner.java:617)
	at org.testng.SuiteRunner.runTest(SuiteRunner.java:334)
	at org.testng.SuiteRunner.runSequentially(SuiteRunner.java:329)
	at org.testng.SuiteRunner.privateRun(SuiteRunner.java:291)
	at org.testng.SuiteRunner.run(SuiteRunner.java:240)
	at org.testng.SuiteRunnerWorker.runSuite(SuiteRunnerWorker.java:52)
	at org.testng.SuiteRunnerWorker.run(SuiteRunnerWorker.java:86)
	at org.testng.TestNG.runSuitesSequentially(TestNG.java:1198)
	at org.testng.TestNG.runSuitesLocally(TestNG.java:1123)
	at org.testng.TestNG.run(TestNG.java:1031)
	at org.testng.remote.AbstractRemoteTestNG.run(AbstractRemoteTestNG.java:114)
	at org.testng.remote.RemoteTestNG.initAndRun(RemoteTestNG.java:251)
	at org.testng.remote.RemoteTestNG.main(RemoteTestNG.java:77)
]]>
    </failure>
  </testcase> <!-- @BeforeClass initializeTestBaseSetup -->
  <testcase name="@BeforeClass setUp" time="0.0" classname="com.prod.testcases.EstimateTestCase">
    <skipped/>
  </testcase> <!-- @BeforeClass setUp -->
  <testcase name="@AfterMethod tearDown" time="0.0" classname="com.prod.testcases.EstimateTestCase">
    <skipped/>
  </testcase> <!-- @AfterMethod tearDown -->
  <testcase name="@AfterMethod tearDown" time="0.0" classname="com.prod.testcases.EstimateTestCase">
    <skipped/>
  </testcase> <!-- @AfterMethod tearDown -->
  <testcase name="@AfterMethod tearDown" time="0.0" classname="com.prod.testcases.EstimateTestCase">
    <skipped/>
  </testcase> <!-- @AfterMethod tearDown -->
  <testcase name="@AfterMethod tearDown" time="0.0" classname="com.prod.testcases.EstimateTestCase">
    <skipped/>
  </testcase> <!-- @AfterMethod tearDown -->
  <testcase name="@AfterMethod tearDown" time="0.0" classname="com.prod.testcases.EstimateTestCase">
    <skipped/>
  </testcase> <!-- @AfterMethod tearDown -->
  <testcase name="@AfterMethod tearDown" time="0.0" classname="com.prod.testcases.EstimateTestCase">
    <skipped/>
  </testcase> <!-- @AfterMethod tearDown -->
  <testcase name="@AfterMethod tearDown" time="0.0" classname="com.prod.testcases.EstimateTestCase">
    <skipped/>
  </testcase> <!-- @AfterMethod tearDown -->
  <testcase name="@AfterMethod tearDown" time="0.0" classname="com.prod.testcases.EstimateTestCase">
    <skipped/>
  </testcase> <!-- @AfterMethod tearDown -->
  <testcase name="@AfterMethod tearDown" time="0.0" classname="com.prod.testcases.EstimateTestCase">
    <skipped/>
  </testcase> <!-- @AfterMethod tearDown -->
  <testcase name="@AfterMethod tearDown" time="0.0" classname="com.prod.testcases.EstimateTestCase">
    <skipped/>
  </testcase> <!-- @AfterMethod tearDown -->
  <testcase name="@AfterMethod tearDown" time="0.0" classname="com.prod.testcases.EstimateTestCase">
    <skipped/>
  </testcase> <!-- @AfterMethod tearDown -->
  <testcase name="@AfterMethod tearDown" time="0.0" classname="com.prod.testcases.EstimateTestCase">
    <skipped/>
  </testcase> <!-- @AfterMethod tearDown -->
  <testcase name="@AfterMethod tearDown" time="0.0" classname="com.prod.testcases.EstimateTestCase">
    <skipped/>
  </testcase> <!-- @AfterMethod tearDown -->
  <testcase name="@AfterMethod tearDown" time="0.0" classname="com.prod.testcases.EstimateTestCase">
    <skipped/>
  </testcase> <!-- @AfterMethod tearDown -->
  <testcase name="@AfterMethod tearDown" time="0.0" classname="com.prod.testcases.EstimateTestCase">
    <skipped/>
  </testcase> <!-- @AfterMethod tearDown -->
  <testcase name="@AfterMethod tearDown" time="0.0" classname="com.prod.testcases.EstimateTestCase">
    <skipped/>
  </testcase> <!-- @AfterMethod tearDown -->
  <testcase name="@AfterMethod tearDown" time="0.0" classname="com.prod.testcases.EstimateTestCase">
    <skipped/>
  </testcase> <!-- @AfterMethod tearDown -->
  <testcase name="@AfterMethod tearDown" time="0.0" classname="com.prod.testcases.EstimateTestCase">
    <skipped/>
  </testcase> <!-- @AfterMethod tearDown -->
  <testcase name="@AfterMethod tearDown" time="0.0" classname="com.prod.testcases.EstimateTestCase">
    <skipped/>
  </testcase> <!-- @AfterMethod tearDown -->
  <testcase name="@AfterMethod tearDown" time="0.0" classname="com.prod.testcases.EstimateTestCase">
    <skipped/>
  </testcase> <!-- @AfterMethod tearDown -->
  <testcase name="@AfterMethod tearDown" time="0.0" classname="com.prod.testcases.EstimateTestCase">
    <skipped/>
  </testcase> <!-- @AfterMethod tearDown -->
  <testcase name="testSignIn" time="0.007" classname="com.prod.testcases.EstimateTestCase">
    <skipped/>
  </testcase> <!-- testSignIn -->
  <testcase name="testSignIn" time="0.005" classname="com.prod.testcases.EstimateTestCase">
    <skipped/>
  </testcase> <!-- testSignIn -->
  <testcase name="testSignIn" time="0.003" classname="com.prod.testcases.EstimateTestCase">
    <skipped/>
  </testcase> <!-- testSignIn -->
  <testcase name="testSignIn" time="0.001" classname="com.prod.testcases.EstimateTestCase">
    <skipped/>
  </testcase> <!-- testSignIn -->
  <testcase name="testSignIn" time="0.002" classname="com.prod.testcases.EstimateTestCase">
    <skipped/>
  </testcase> <!-- testSignIn -->
  <testcase name="testSignIn" time="0.003" classname="com.prod.testcases.EstimateTestCase">
    <skipped/>
  </testcase> <!-- testSignIn -->
  <testcase name="testSignIn" time="0.001" classname="com.prod.testcases.EstimateTestCase">
    <skipped/>
  </testcase> <!-- testSignIn -->
  <testcase name="testSignIn" time="0.001" classname="com.prod.testcases.EstimateTestCase">
    <skipped/>
  </testcase> <!-- testSignIn -->
  <testcase name="testSignIn" time="0.0" classname="com.prod.testcases.EstimateTestCase">
    <skipped/>
  </testcase> <!-- testSignIn -->
  <testcase name="testSignIn" time="0.001" classname="com.prod.testcases.EstimateTestCase">
    <skipped/>
  </testcase> <!-- testSignIn -->
  <testcase name="testSignIn" time="0.003" classname="com.prod.testcases.EstimateTestCase">
    <skipped/>
  </testcase> <!-- testSignIn -->
  <testcase name="testSignIn" time="0.008" classname="com.prod.testcases.EstimateTestCase">
    <skipped/>
  </testcase> <!-- testSignIn -->
  <testcase name="testSignIn" time="0.032" classname="com.prod.testcases.EstimateTestCase">
    <skipped/>
  </testcase> <!-- testSignIn -->
  <testcase name="testSignIn" time="0.01" classname="com.prod.testcases.EstimateTestCase">
    <skipped/>
  </testcase> <!-- testSignIn -->
  <testcase name="testSignIn" time="0.001" classname="com.prod.testcases.EstimateTestCase">
    <skipped/>
  </testcase> <!-- testSignIn -->
  <testcase name="testSignIn" time="0.012" classname="com.prod.testcases.EstimateTestCase">
    <skipped/>
  </testcase> <!-- testSignIn -->
  <testcase name="testSignIn" time="0.004" classname="com.prod.testcases.EstimateTestCase">
    <skipped/>
  </testcase> <!-- testSignIn -->
  <testcase name="testSignIn" time="0.003" classname="com.prod.testcases.EstimateTestCase">
    <skipped/>
  </testcase> <!-- testSignIn -->
  <testcase name="testSignIn" time="0.001" classname="com.prod.testcases.EstimateTestCase">
    <skipped/>
  </testcase> <!-- testSignIn -->
  <testcase name="testSignIn" time="0.008" classname="com.prod.testcases.EstimateTestCase">
    <skipped/>
  </testcase> <!-- testSignIn -->
  <testcase name="testSignIn" time="0.001" classname="com.prod.testcases.EstimateTestCase">
    <skipped/>
  </testcase> <!-- testSignIn -->
</testsuite> <!-- Default test -->
